-----
Command: F8
Ship: (80, 8)
Waypoint: (10, 1)
-----
Command: N2
Ship: (80, 8)
Waypoint: (10, 3)
-----
Command: F32
Ship: (400, 104)
Waypoint: (10, 3)
-----
Command: F17
Ship: (570, 155)
Waypoint: (10, 3)
-----
Command: E4
Ship: (570, 155)
Waypoint: (14, 3)
-----
Command: N4
Ship: (570, 155)
Waypoint: (14, 7)
-----
Command: R90
Ship: (570, 155)
Waypoint: (7, -14)
-----
Command: S2
Ship: (570, 155)
Waypoint: (7, -16)
-----
Command: R90
Ship: (570, 155)
Waypoint: (-16, -7)
-----
Command: E3
Ship: (570, 155)
Waypoint: (-13, -7)
270 -> 180(90)
-----
Command: L90
Ship: (570, 155)
Waypoint: (-7, 13)
-----
Command: N5
Ship: (570, 155)
Waypoint: (-7, 18)
-----
Command: E2
Ship: (570, 155)
Waypoint: (-5, 18)
-----
Command: N2
Ship: (570, 155)
Waypoint: (-5, 20)
-----
Command: W5
Ship: (570, 155)
Waypoint: (-10, 20)
-----
Command: F78
Ship: (-210, 1715)
Waypoint: (-10, 20)
180 -> 0(180)
-----
Command: L180
Ship: (-210, 1715)
Waypoint: (10, -20)
-----
Command: F19
Ship: (-20, 1335)
Waypoint: (10, -20)
-----
Command: R90
Ship: (-20, 1335)
Waypoint: (-20, -10)
-----
Command: S1
Ship: (-20, 1335)
Waypoint: (-20, -11)
-----
Command: E2
Ship: (-20, 1335)
Waypoint: (-18, -11)
90 -> 270(180)
-----
Command: L180
Ship: (-20, 1335)
Waypoint: (18, 11)
-----
Command: E1
Ship: (-20, 1335)
Waypoint: (19, 11)
-----
Command: S5
Ship: (-20, 1335)
Waypoint: (19, 6)
-----
Command: E4
Ship: (-20, 1335)
Waypoint: (23, 6)
-----
Command: F62
Ship: (1406, 1707)
Waypoint: (23, 6)
-----
Command: R180
Ship: (1406, 1707)
Waypoint: (-23, -6)
-----
Command: F16
Ship: (1038, 1611)
Waypoint: (-23, -6)
-----
Command: S2
Ship: (1038, 1611)
Waypoint: (-23, -8)
-----
Command: F8
Ship: (854, 1547)
Waypoint: (-23, -8)
-----
Command: R180
Ship: (854, 1547)
Waypoint: (23, 8)
-----
Command: S1
Ship: (854, 1547)
Waypoint: (23, 7)
270 -> 180(90)
-----
Command: L90
Ship: (854, 1547)
Waypoint: (7, -23)
-----
Command: E4
Ship: (854, 1547)
Waypoint: (11, -23)
-----
Command: R90
Ship: (854, 1547)
Waypoint: (-23, -11)
-----
Command: S3
Ship: (854, 1547)
Waypoint: (-23, -14)
-----
Command: E5
Ship: (854, 1547)
Waypoint: (-18, -14)
-----
Command: R180
Ship: (854, 1547)
Waypoint: (18, 14)
-----
Command: F87
Ship: (2420, 2765)
Waypoint: (18, 14)
-----
Command: N2
Ship: (2420, 2765)
Waypoint: (18, 16)
-----
Command: E2
Ship: (2420, 2765)
Waypoint: (20, 16)
-----
Command: R90
Ship: (2420, 2765)
Waypoint: (16, -20)
-----
Command: N2
Ship: (2420, 2765)
Waypoint: (16, -18)
-----
Command: F2
Ship: (2452, 2729)
Waypoint: (16, -18)
-----
Command: R90
Ship: (2452, 2729)
Waypoint: (-18, -16)
-----
Command: N5
Ship: (2452, 2729)
Waypoint: (-18, -11)
-----
Command: W4
Ship: (2452, 2729)
Waypoint: (-22, -11)
270 -> 180(90)
-----
Command: L90
Ship: (2452, 2729)
Waypoint: (-11, 22)
-----
Command: F42
Ship: (1990, 3653)
Waypoint: (-11, 22)
-----
Command: N1
Ship: (1990, 3653)
Waypoint: (-11, 23)
-----
Command: F93
Ship: (967, 5792)
Waypoint: (-11, 23)
-----
Command: F87
Ship: (10, 7793)
Waypoint: (-11, 23)
-----
Command: E2
Ship: (10, 7793)
Waypoint: (-9, 23)
-----
Command: S4
Ship: (10, 7793)
Waypoint: (-9, 19)
-----
Command: F73
Ship: (-647, 9180)
Waypoint: (-9, 19)
180 -> 270(270)
-----
Command: L270
Ship: (-647, 9180)
Waypoint: (-19, -9)
-----
Command: S2
Ship: (-647, 9180)
Waypoint: (-19, -11)
-----
Command: W3
Ship: (-647, 9180)
Waypoint: (-22, -11)
-----
Command: F48
Ship: (-1703, 8652)
Waypoint: (-22, -11)
-----
Command: W5
Ship: (-1703, 8652)
Waypoint: (-27, -11)
270 -> 90(180)
-----
Command: L180
Ship: (-1703, 8652)
Waypoint: (27, 11)
-----
Command: N1
Ship: (-1703, 8652)
Waypoint: (27, 12)
-----
Command: F53
Ship: (-272, 9288)
Waypoint: (27, 12)
-----
Command: R90
Ship: (-272, 9288)
Waypoint: (12, -27)
-----
Command: S2
Ship: (-272, 9288)
Waypoint: (12, -29)
-----
Command: R90
Ship: (-272, 9288)
Waypoint: (-29, -12)
-----
Command: N2
Ship: (-272, 9288)
Waypoint: (-29, -10)
-----
Command: E2
Ship: (-272, 9288)
Waypoint: (-27, -10)
-----
Command: S5
Ship: (-272, 9288)
Waypoint: (-27, -15)
-----
Command: W3
Ship: (-272, 9288)
Waypoint: (-30, -15)
-----
Command: R90
Ship: (-272, 9288)
Waypoint: (-15, 30)
-----
Command: E2
Ship: (-272, 9288)
Waypoint: (-13, 30)
-----
Command: R90
Ship: (-272, 9288)
Waypoint: (30, 13)
-----
Command: W1
Ship: (-272, 9288)
Waypoint: (29, 13)
90 -> 270(180)
-----
Command: L180
Ship: (-272, 9288)
Waypoint: (-29, -13)
-----
Command: F29
Ship: (-1113, 8911)
Waypoint: (-29, -13)
-----
Command: W1
Ship: (-1113, 8911)
Waypoint: (-30, -13)
-----
Command: F56
Ship: (-2793, 8183)
Waypoint: (-30, -13)
-----
Command: R90
Ship: (-2793, 8183)
Waypoint: (-13, 30)
-----
Command: F34
Ship: (-3235, 9203)
Waypoint: (-13, 30)
-----
Command: F74
Ship: (-4197, 11423)
Waypoint: (-13, 30)
-----
Command: S1
Ship: (-4197, 11423)
Waypoint: (-13, 29)
-----
Command: R90
Ship: (-4197, 11423)
Waypoint: (29, 13)
90 -> 0(90)
-----
Command: L90
Ship: (-4197, 11423)
Waypoint: (13, -29)
-----
Command: W4
Ship: (-4197, 11423)
Waypoint: (9, -29)
0 -> 270(90)
-----
Command: L90
Ship: (-4197, 11423)
Waypoint: (-29, -9)
-----
Command: W5
Ship: (-4197, 11423)
Waypoint: (-34, -9)
270 -> 180(90)
-----
Command: L90
Ship: (-4197, 11423)
Waypoint: (-9, 34)
-----
Command: W1
Ship: (-4197, 11423)
Waypoint: (-10, 34)
180 -> 90(90)
-----
Command: L90
Ship: (-4197, 11423)
Waypoint: (34, 10)
-----
Command: N5
Ship: (-4197, 11423)
Waypoint: (34, 15)
-----
Command: E2
Ship: (-4197, 11423)
Waypoint: (36, 15)
-----
Command: S2
Ship: (-4197, 11423)
Waypoint: (36, 13)
-----
Command: F58
Ship: (-2109, 12177)
Waypoint: (36, 13)
-----
Command: N5
Ship: (-2109, 12177)
Waypoint: (36, 18)
90 -> 0(90)
-----
Command: L90
Ship: (-2109, 12177)
Waypoint: (18, -36)
-----
Command: S4
Ship: (-2109, 12177)
Waypoint: (18, -40)
0 -> 270(90)
-----
Command: L90
Ship: (-2109, 12177)
Waypoint: (-40, -18)
-----
Command: R270
Ship: (-2109, 12177)
Waypoint: (18, -40)
-----
Command: W4
Ship: (-2109, 12177)
Waypoint: (14, -40)
-----
Command: S4
Ship: (-2109, 12177)
Waypoint: (14, -44)
-----
Command: E3
Ship: (-2109, 12177)
Waypoint: (17, -44)
-----
Command: R180
Ship: (-2109, 12177)
Waypoint: (-17, 44)
-----
Command: S4
Ship: (-2109, 12177)
Waypoint: (-17, 40)
-----
Command: W3
Ship: (-2109, 12177)
Waypoint: (-20, 40)
-----
Command: R90
Ship: (-2109, 12177)
Waypoint: (40, 20)
-----
Command: F36
Ship: (-669, 12897)
Waypoint: (40, 20)
-----
Command: R90
Ship: (-669, 12897)
Waypoint: (20, -40)
-----
Command: W1
Ship: (-669, 12897)
Waypoint: (19, -40)
-----
Command: F73
Ship: (718, 9977)
Waypoint: (19, -40)
-----
Command: S4
Ship: (718, 9977)
Waypoint: (19, -44)
-----
Command: E1
Ship: (718, 9977)
Waypoint: (20, -44)
180 -> 90(90)
-----
Command: L90
Ship: (718, 9977)
Waypoint: (-44, -20)
-----
Command: S4
Ship: (718, 9977)
Waypoint: (-44, -24)
-----
Command: W5
Ship: (718, 9977)
Waypoint: (-49, -24)
90 -> 0(90)
-----
Command: L90
Ship: (718, 9977)
Waypoint: (-24, 49)
-----
Command: F20
Ship: (238, 10957)
Waypoint: (-24, 49)
-----
Command: W3
Ship: (238, 10957)
Waypoint: (-27, 49)
0 -> 180(180)
-----
Command: L180
Ship: (238, 10957)
Waypoint: (27, -49)
-----
Command: E3
Ship: (238, 10957)
Waypoint: (30, -49)
-----
Command: S1
Ship: (238, 10957)
Waypoint: (30, -50)
-----
Command: R90
Ship: (238, 10957)
Waypoint: (-50, -30)
-----
Command: S5
Ship: (238, 10957)
Waypoint: (-50, -35)
-----
Command: W3
Ship: (238, 10957)
Waypoint: (-53, -35)
270 -> 180(90)
-----
Command: L90
Ship: (238, 10957)
Waypoint: (-35, 53)
-----
Command: E5
Ship: (238, 10957)
Waypoint: (-30, 53)
-----
Command: W2
Ship: (238, 10957)
Waypoint: (-32, 53)
-----
Command: F21
Ship: (-434, 12070)
Waypoint: (-32, 53)
-----
Command: N4
Ship: (-434, 12070)
Waypoint: (-32, 57)
-----
Command: F83
Ship: (-3090, 16801)
Waypoint: (-32, 57)
-----
Command: W4
Ship: (-3090, 16801)
Waypoint: (-36, 57)
-----
Command: F48
Ship: (-4818, 19537)
Waypoint: (-36, 57)
-----
Command: W3
Ship: (-4818, 19537)
Waypoint: (-39, 57)
-----
Command: F4
Ship: (-4974, 19765)
Waypoint: (-39, 57)
180 -> 90(90)
-----
Command: L90
Ship: (-4974, 19765)
Waypoint: (57, 39)
-----
Command: N5
Ship: (-4974, 19765)
Waypoint: (57, 44)
-----
Command: R270
Ship: (-4974, 19765)
Waypoint: (-44, 57)
-----
Command: E1
Ship: (-4974, 19765)
Waypoint: (-43, 57)
-----
Command: S5
Ship: (-4974, 19765)
Waypoint: (-43, 52)
0 -> 180(180)
-----
Command: L180
Ship: (-4974, 19765)
Waypoint: (43, -52)
-----
Command: F44
Ship: (-3082, 17477)
Waypoint: (43, -52)
-----
Command: W5
Ship: (-3082, 17477)
Waypoint: (38, -52)
-----
Command: R180
Ship: (-3082, 17477)
Waypoint: (-38, 52)
-----
Command: S3
Ship: (-3082, 17477)
Waypoint: (-38, 49)
-----
Command: F30
Ship: (-4222, 18947)
Waypoint: (-38, 49)
-----
Command: N5
Ship: (-4222, 18947)
Waypoint: (-38, 54)
-----
Command: F87
Ship: (-7528, 23645)
Waypoint: (-38, 54)
0 -> 270(90)
-----
Command: L90
Ship: (-7528, 23645)
Waypoint: (54, 38)
-----
Command: F69
Ship: (-3802, 26267)
Waypoint: (54, 38)
-----
Command: S5
Ship: (-3802, 26267)
Waypoint: (54, 33)
-----
Command: E1
Ship: (-3802, 26267)
Waypoint: (55, 33)
-----
Command: R90
Ship: (-3802, 26267)
Waypoint: (33, -55)
-----
Command: E2
Ship: (-3802, 26267)
Waypoint: (35, -55)
-----
Command: S3
Ship: (-3802, 26267)
Waypoint: (35, -58)
-----
Command: F40
Ship: (-2402, 23947)
Waypoint: (35, -58)
-----
Command: W4
Ship: (-2402, 23947)
Waypoint: (31, -58)
-----
Command: F97
Ship: (605, 18321)
Waypoint: (31, -58)
-----
Command: W5
Ship: (605, 18321)
Waypoint: (26, -58)
-----
Command: F20
Ship: (1125, 17161)
Waypoint: (26, -58)
0 -> 180(180)
-----
Command: L180
Ship: (1125, 17161)
Waypoint: (-26, 58)
-----
Command: N5
Ship: (1125, 17161)
Waypoint: (-26, 63)
180 -> 90(90)
-----
Command: L90
Ship: (1125, 17161)
Waypoint: (63, 26)
-----
Command: E5
Ship: (1125, 17161)
Waypoint: (68, 26)
-----
Command: N3
Ship: (1125, 17161)
Waypoint: (68, 29)
90 -> 0(90)
-----
Command: L90
Ship: (1125, 17161)
Waypoint: (29, -68)
-----
Command: F13
Ship: (1502, 16277)
Waypoint: (29, -68)
-----
Command: N2
Ship: (1502, 16277)
Waypoint: (29, -66)
-----
Command: F38
Ship: (2604, 13769)
Waypoint: (29, -66)
-----
Command: S5
Ship: (2604, 13769)
Waypoint: (29, -71)
-----
Command: F27
Ship: (3387, 11852)
Waypoint: (29, -71)
-----
Command: E5
Ship: (3387, 11852)
Waypoint: (34, -71)
0 -> 180(180)
-----
Command: L180
Ship: (3387, 11852)
Waypoint: (-34, 71)
-----
Command: F59
Ship: (1381, 16041)
Waypoint: (-34, 71)
-----
Command: N3
Ship: (1381, 16041)
Waypoint: (-34, 74)
-----
Command: F2
Ship: (1313, 16189)
Waypoint: (-34, 74)
-----
Command: R90
Ship: (1313, 16189)
Waypoint: (74, 34)
-----
Command: N2
Ship: (1313, 16189)
Waypoint: (74, 36)
-----
Command: R90
Ship: (1313, 16189)
Waypoint: (36, -74)
-----
Command: F56
Ship: (3329, 12045)
Waypoint: (36, -74)
0 -> 270(90)
-----
Command: L90
Ship: (3329, 12045)
Waypoint: (-74, -36)
-----
Command: N4
Ship: (3329, 12045)
Waypoint: (-74, -32)
-----
Command: R90
Ship: (3329, 12045)
Waypoint: (-32, 74)
-----
Command: F12
Ship: (2945, 12933)
Waypoint: (-32, 74)
-----
Command: F34
Ship: (1857, 15449)
Waypoint: (-32, 74)
-----
Command: N3
Ship: (1857, 15449)
Waypoint: (-32, 77)
-----
Command: F93
Ship: (-1119, 22610)
Waypoint: (-32, 77)
0 -> 90(270)
-----
Command: L270
Ship: (-1119, 22610)
Waypoint: (-77, -32)
-----
Command: W3
Ship: (-1119, 22610)
Waypoint: (-80, -32)
-----
Command: F74
Ship: (-7039, 20242)
Waypoint: (-80, -32)
-----
Command: W4
Ship: (-7039, 20242)
Waypoint: (-84, -32)
-----
Command: R90
Ship: (-7039, 20242)
Waypoint: (-32, 84)
-----
Command: E2
Ship: (-7039, 20242)
Waypoint: (-30, 84)
180 -> 0(180)
-----
Command: L180
Ship: (-7039, 20242)
Waypoint: (30, -84)
-----
Command: W3
Ship: (-7039, 20242)
Waypoint: (27, -84)
-----
Command: F12
Ship: (-6715, 19234)
Waypoint: (27, -84)
-----
Command: N5
Ship: (-6715, 19234)
Waypoint: (27, -79)
-----
Command: W1
Ship: (-6715, 19234)
Waypoint: (26, -79)
-----
Command: F98
Ship: (-4167, 11492)
Waypoint: (26, -79)
-----
Command: E4
Ship: (-4167, 11492)
Waypoint: (30, -79)
-----
Command: R180
Ship: (-4167, 11492)
Waypoint: (-30, 79)
-----
Command: S1
Ship: (-4167, 11492)
Waypoint: (-30, 78)
-----
Command: W5
Ship: (-4167, 11492)
Waypoint: (-35, 78)
-----
Command: R90
Ship: (-4167, 11492)
Waypoint: (78, 35)
-----
Command: F96
Ship: (3321, 14852)
Waypoint: (78, 35)
-----
Command: N2
Ship: (3321, 14852)
Waypoint: (78, 37)
270 -> 180(90)
-----
Command: L90
Ship: (3321, 14852)
Waypoint: (37, -78)
-----
Command: F36
Ship: (4653, 12044)
Waypoint: (37, -78)
-----
Command: S1
Ship: (4653, 12044)
Waypoint: (37, -79)
-----
Command: F3
Ship: (4764, 11807)
Waypoint: (37, -79)
-----
Command: W3
Ship: (4764, 11807)
Waypoint: (34, -79)
-----
Command: F100
Ship: (8164, 3907)
Waypoint: (34, -79)
-----
Command: N5
Ship: (8164, 3907)
Waypoint: (34, -74)
-----
Command: R90
Ship: (8164, 3907)
Waypoint: (-74, -34)
-----
Command: F33
Ship: (5722, 2785)
Waypoint: (-74, -34)
-----
Command: W3
Ship: (5722, 2785)
Waypoint: (-77, -34)
-----
Command: N5
Ship: (5722, 2785)
Waypoint: (-77, -29)
-----
Command: E3
Ship: (5722, 2785)
Waypoint: (-74, -29)
-----
Command: R90
Ship: (5722, 2785)
Waypoint: (-29, 74)
-----
Command: F33
Ship: (4765, 5227)
Waypoint: (-29, 74)
-----
Command: N5
Ship: (4765, 5227)
Waypoint: (-29, 79)
-----
Command: E2
Ship: (4765, 5227)
Waypoint: (-27, 79)
-----
Command: N1
Ship: (4765, 5227)
Waypoint: (-27, 80)
0 -> 270(90)
-----
Command: L90
Ship: (4765, 5227)
Waypoint: (80, 27)
-----
Command: F84
Ship: (11485, 7495)
Waypoint: (80, 27)
270 -> 0(270)
-----
Command: L270
Ship: (11485, 7495)
Waypoint: (-27, 80)
-----
Command: E1
Ship: (11485, 7495)
Waypoint: (-26, 80)
-----
Command: F28
Ship: (10757, 9735)
Waypoint: (-26, 80)
-----
Command: R180
Ship: (10757, 9735)
Waypoint: (26, -80)
-----
Command: W3
Ship: (10757, 9735)
Waypoint: (23, -80)
180 -> 90(90)
-----
Command: L90
Ship: (10757, 9735)
Waypoint: (-80, -23)
-----
Command: S2
Ship: (10757, 9735)
Waypoint: (-80, -25)
-----
Command: F88
Ship: (3717, 7535)
Waypoint: (-80, -25)
90 -> 0(90)
-----
Command: L90
Ship: (3717, 7535)
Waypoint: (-25, 80)
-----
Command: W2
Ship: (3717, 7535)
Waypoint: (-27, 80)
-----
Command: N1
Ship: (3717, 7535)
Waypoint: (-27, 81)
-----
Command: F3
Ship: (3636, 7778)
Waypoint: (-27, 81)
-----
Command: R90
Ship: (3636, 7778)
Waypoint: (81, 27)
-----
Command: F56
Ship: (8172, 9290)
Waypoint: (81, 27)
-----
Command: N1
Ship: (8172, 9290)
Waypoint: (81, 28)
-----
Command: N4
Ship: (8172, 9290)
Waypoint: (81, 32)
90 -> 0(90)
-----
Command: L90
Ship: (8172, 9290)
Waypoint: (32, -81)
-----
Command: R90
Ship: (8172, 9290)
Waypoint: (-81, -32)
-----
Command: F97
Ship: (315, 6186)
Waypoint: (-81, -32)
-----
Command: E5
Ship: (315, 6186)
Waypoint: (-76, -32)
-----
Command: N4
Ship: (315, 6186)
Waypoint: (-76, -28)
-----
Command: F38
Ship: (-2573, 5122)
Waypoint: (-76, -28)
-----
Command: N1
Ship: (-2573, 5122)
Waypoint: (-76, -27)
-----
Command: R90
Ship: (-2573, 5122)
Waypoint: (-27, 76)
-----
Command: W1
Ship: (-2573, 5122)
Waypoint: (-28, 76)
-----
Command: F60
Ship: (-4253, 9682)
Waypoint: (-28, 76)
-----
Command: W3
Ship: (-4253, 9682)
Waypoint: (-31, 76)
-----
Command: N1
Ship: (-4253, 9682)
Waypoint: (-31, 77)
-----
Command: F59
Ship: (-6082, 14225)
Waypoint: (-31, 77)
-----
Command: E1
Ship: (-6082, 14225)
Waypoint: (-30, 77)
-----
Command: N3
Ship: (-6082, 14225)
Waypoint: (-30, 80)
-----
Command: E3
Ship: (-6082, 14225)
Waypoint: (-27, 80)
180 -> 0(180)
-----
Command: L180
Ship: (-6082, 14225)
Waypoint: (27, -80)
-----
Command: N1
Ship: (-6082, 14225)
Waypoint: (27, -79)
-----
Command: F53
Ship: (-4651, 10038)
Waypoint: (27, -79)
-----
Command: S1
Ship: (-4651, 10038)
Waypoint: (27, -80)
-----
Command: E2
Ship: (-4651, 10038)
Waypoint: (29, -80)
-----
Command: R90
Ship: (-4651, 10038)
Waypoint: (-80, -29)
-----
Command: E2
Ship: (-4651, 10038)
Waypoint: (-78, -29)
-----
Command: F6
Ship: (-5119, 9864)
Waypoint: (-78, -29)
-----
Command: R180
Ship: (-5119, 9864)
Waypoint: (78, 29)
-----
Command: F36
Ship: (-2311, 10908)
Waypoint: (78, 29)
-----
Command: R180
Ship: (-2311, 10908)
Waypoint: (-78, -29)
-----
Command: W2
Ship: (-2311, 10908)
Waypoint: (-80, -29)
-----
Command: F81
Ship: (-8791, 8559)
Waypoint: (-80, -29)
-----
Command: R90
Ship: (-8791, 8559)
Waypoint: (-29, 80)
-----
Command: E4
Ship: (-8791, 8559)
Waypoint: (-25, 80)
-----
Command: R90
Ship: (-8791, 8559)
Waypoint: (80, 25)
-----
Command: F97
Ship: (-1031, 10984)
Waypoint: (80, 25)
270 -> 180(90)
-----
Command: L90
Ship: (-1031, 10984)
Waypoint: (25, -80)
-----
Command: W1
Ship: (-1031, 10984)
Waypoint: (24, -80)
-----
Command: S1
Ship: (-1031, 10984)
Waypoint: (24, -81)
-----
Command: E5
Ship: (-1031, 10984)
Waypoint: (29, -81)
180 -> 0(180)
-----
Command: L180
Ship: (-1031, 10984)
Waypoint: (-29, 81)
-----
Command: F34
Ship: (-2017, 13738)
Waypoint: (-29, 81)
-----
Command: R180
Ship: (-2017, 13738)
Waypoint: (29, -81)
-----
Command: F64
Ship: (-161, 8554)
Waypoint: (29, -81)
-----
Command: E2
Ship: (-161, 8554)
Waypoint: (31, -81)
-----
Command: R180
Ship: (-161, 8554)
Waypoint: (-31, 81)
-----
Command: W3
Ship: (-161, 8554)
Waypoint: (-34, 81)
-----
Command: S5
Ship: (-161, 8554)
Waypoint: (-34, 76)
0 -> 270(90)
-----
Command: L90
Ship: (-161, 8554)
Waypoint: (76, 34)
-----
Command: E4
Ship: (-161, 8554)
Waypoint: (80, 34)
-----
Command: F12
Ship: (799, 8962)
Waypoint: (80, 34)
-----
Command: F58
Ship: (5439, 10934)
Waypoint: (80, 34)
-----
Command: W3
Ship: (5439, 10934)
Waypoint: (77, 34)
-----
Command: N3
Ship: (5439, 10934)
Waypoint: (77, 37)
-----
Command: F77
Ship: (11368, 13783)
Waypoint: (77, 37)
-----
Command: N4
Ship: (11368, 13783)
Waypoint: (77, 41)
-----
Command: F32
Ship: (13832, 15095)
Waypoint: (77, 41)
-----
Command: R90
Ship: (13832, 15095)
Waypoint: (41, -77)
-----
Command: N2
Ship: (13832, 15095)
Waypoint: (41, -75)
-----
Command: E4
Ship: (13832, 15095)
Waypoint: (45, -75)
0 -> 270(90)
-----
Command: L90
Ship: (13832, 15095)
Waypoint: (-75, -45)
-----
Command: S5
Ship: (13832, 15095)
Waypoint: (-75, -50)
-----
Command: E1
Ship: (13832, 15095)
Waypoint: (-74, -50)
-----
Command: N5
Ship: (13832, 15095)
Waypoint: (-74, -45)
-----
Command: F44
Ship: (10576, 13115)
Waypoint: (-74, -45)
-----
Command: R90
Ship: (10576, 13115)
Waypoint: (-45, 74)
-----
Command: F5
Ship: (10351, 13485)
Waypoint: (-45, 74)
-----
Command: E4
Ship: (10351, 13485)
Waypoint: (-41, 74)
-----
Command: R90
Ship: (10351, 13485)
Waypoint: (74, 41)
-----
Command: N5
Ship: (10351, 13485)
Waypoint: (74, 46)
-----
Command: E4
Ship: (10351, 13485)
Waypoint: (78, 46)
-----
Command: R180
Ship: (10351, 13485)
Waypoint: (-78, -46)
-----
Command: W3
Ship: (10351, 13485)
Waypoint: (-81, -46)
270 -> 180(90)
-----
Command: L90
Ship: (10351, 13485)
Waypoint: (-46, 81)
-----
Command: N1
Ship: (10351, 13485)
Waypoint: (-46, 82)
-----
Command: F1
Ship: (10305, 13567)
Waypoint: (-46, 82)
-----
Command: S3
Ship: (10305, 13567)
Waypoint: (-46, 79)
-----
Command: E5
Ship: (10305, 13567)
Waypoint: (-41, 79)
-----
Command: R180
Ship: (10305, 13567)
Waypoint: (41, -79)
-----
Command: S3
Ship: (10305, 13567)
Waypoint: (41, -82)
-----
Command: F86
Ship: (13831, 6515)
Waypoint: (41, -82)
-----
Command: S5
Ship: (13831, 6515)
Waypoint: (41, -87)
-----
Command: F61
Ship: (16332, 1208)
Waypoint: (41, -87)
-----
Command: W3
Ship: (16332, 1208)
Waypoint: (38, -87)
-----
Command: R270
Ship: (16332, 1208)
Waypoint: (87, 38)
-----
Command: W5
Ship: (16332, 1208)
Waypoint: (82, 38)
-----
Command: R90
Ship: (16332, 1208)
Waypoint: (38, -82)
-----
Command: F26
Ship: (17320, -924)
Waypoint: (38, -82)
-----
Command: R180
Ship: (17320, -924)
Waypoint: (-38, 82)
-----
Command: F92
Ship: (13824, 6620)
Waypoint: (-38, 82)
-----
Command: S5
Ship: (13824, 6620)
Waypoint: (-38, 77)
180 -> 90(90)
-----
Command: L90
Ship: (13824, 6620)
Waypoint: (77, 38)
-----
Command: E5
Ship: (13824, 6620)
Waypoint: (82, 38)
-----
Command: N5
Ship: (13824, 6620)
Waypoint: (82, 43)
-----
Command: F82
Ship: (20548, 10146)
Waypoint: (82, 43)
-----
Command: R90
Ship: (20548, 10146)
Waypoint: (43, -82)
-----
Command: F22
Ship: (21494, 8342)
Waypoint: (43, -82)
-----
Command: R90
Ship: (21494, 8342)
Waypoint: (-82, -43)
-----
Command: F23
Ship: (19608, 7353)
Waypoint: (-82, -43)
-----
Command: S1
Ship: (19608, 7353)
Waypoint: (-82, -44)
-----
Command: F42
Ship: (16164, 5505)
Waypoint: (-82, -44)
-----
Command: N4
Ship: (16164, 5505)
Waypoint: (-82, -40)
-----
Command: F76
Ship: (9932, 2465)
Waypoint: (-82, -40)
-----
Command: E1
Ship: (9932, 2465)
Waypoint: (-81, -40)
-----
Command: S1
Ship: (9932, 2465)
Waypoint: (-81, -41)
-----
Command: W3
Ship: (9932, 2465)
Waypoint: (-84, -41)
-----
Command: S2
Ship: (9932, 2465)
Waypoint: (-84, -43)
270 -> 180(90)
-----
Command: L90
Ship: (9932, 2465)
Waypoint: (-43, 84)
-----
Command: F19
Ship: (9115, 4061)
Waypoint: (-43, 84)
-----
Command: E4
Ship: (9115, 4061)
Waypoint: (-39, 84)
-----
Command: F41
Ship: (7516, 7505)
Waypoint: (-39, 84)
-----
Command: E2
Ship: (7516, 7505)
Waypoint: (-37, 84)
-----
Command: N2
Ship: (7516, 7505)
Waypoint: (-37, 86)
180 -> 90(90)
-----
Command: L90
Ship: (7516, 7505)
Waypoint: (86, 37)
-----
Command: F34
Ship: (10440, 8763)
Waypoint: (86, 37)
-----
Command: S4
Ship: (10440, 8763)
Waypoint: (86, 33)
-----
Command: F20
Ship: (12160, 9423)
Waypoint: (86, 33)
-----
Command: W3
Ship: (12160, 9423)
Waypoint: (83, 33)
-----
Command: F18
Ship: (13654, 10017)
Waypoint: (83, 33)
-----
Command: S1
Ship: (13654, 10017)
Waypoint: (83, 32)
-----
Command: R90
Ship: (13654, 10017)
Waypoint: (32, -83)
-----
Command: N3
Ship: (13654, 10017)
Waypoint: (32, -80)
-----
Command: F38
Ship: (14870, 6977)
Waypoint: (32, -80)
-----
Command: W3
Ship: (14870, 6977)
Waypoint: (29, -80)
-----
Command: R90
Ship: (14870, 6977)
Waypoint: (-80, -29)
-----
Command: W4
Ship: (14870, 6977)
Waypoint: (-84, -29)
-----
Command: R90
Ship: (14870, 6977)
Waypoint: (-29, 84)
-----
Command: E2
Ship: (14870, 6977)
Waypoint: (-27, 84)
-----
Command: R90
Ship: (14870, 6977)
Waypoint: (84, 27)
-----
Command: F10
Ship: (15710, 7247)
Waypoint: (84, 27)
90 -> 0(90)
-----
Command: L90
Ship: (15710, 7247)
Waypoint: (27, -84)
-----
Command: N4
Ship: (15710, 7247)
Waypoint: (27, -80)
-----
Command: F94
Ship: (18248, -273)
Waypoint: (27, -80)
-----
Command: S1
Ship: (18248, -273)
Waypoint: (27, -81)
-----
Command: W3
Ship: (18248, -273)
Waypoint: (24, -81)
-----
Command: R180
Ship: (18248, -273)
Waypoint: (-24, 81)
-----
Command: W5
Ship: (18248, -273)
Waypoint: (-29, 81)
-----
Command: F74
Ship: (16102, 5721)
Waypoint: (-29, 81)
-----
Command: R90
Ship: (16102, 5721)
Waypoint: (81, 29)
-----
Command: S4
Ship: (16102, 5721)
Waypoint: (81, 25)
270 -> 90(180)
-----
Command: L180
Ship: (16102, 5721)
Waypoint: (-81, -25)
-----
Command: S3
Ship: (16102, 5721)
Waypoint: (-81, -28)
-----
Command: F74
Ship: (10108, 3649)
Waypoint: (-81, -28)
-----
Command: N5
Ship: (10108, 3649)
Waypoint: (-81, -23)
-----
Command: S4
Ship: (10108, 3649)
Waypoint: (-81, -27)
90 -> 0(90)
-----
Command: L90
Ship: (10108, 3649)
Waypoint: (-27, 81)
-----
Command: F34
Ship: (9190, 6403)
Waypoint: (-27, 81)
-----
Command: S2
Ship: (9190, 6403)
Waypoint: (-27, 79)
-----
Command: E5
Ship: (9190, 6403)
Waypoint: (-22, 79)
-----
Command: N5
Ship: (9190, 6403)
Waypoint: (-22, 84)
-----
Command: F28
Ship: (8574, 8755)
Waypoint: (-22, 84)
0 -> 270(90)
-----
Command: L90
Ship: (8574, 8755)
Waypoint: (84, 22)
-----
Command: E1
Ship: (8574, 8755)
Waypoint: (85, 22)
-----
Command: F31
Ship: (11209, 9437)
Waypoint: (85, 22)
-----
Command: N1
Ship: (11209, 9437)
Waypoint: (85, 23)
270 -> 180(90)
-----
Command: L90
Ship: (11209, 9437)
Waypoint: (23, -85)
180 -> 90(90)
-----
Command: L90
Ship: (11209, 9437)
Waypoint: (-85, -23)
-----
Command: W2
Ship: (11209, 9437)
Waypoint: (-87, -23)
-----
Command: N5
Ship: (11209, 9437)
Waypoint: (-87, -18)
-----
Command: R90
Ship: (11209, 9437)
Waypoint: (-18, 87)
-----
Command: F1
Ship: (11191, 9524)
Waypoint: (-18, 87)
-----
Command: N5
Ship: (11191, 9524)
Waypoint: (-18, 92)
-----
Command: F48
Ship: (10327, 13940)
Waypoint: (-18, 92)
-----
Command: W2
Ship: (10327, 13940)
Waypoint: (-20, 92)
-----
Command: F50
Ship: (9327, 18540)
Waypoint: (-20, 92)
-----
Command: N2
Ship: (9327, 18540)
Waypoint: (-20, 94)
-----
Command: F62
Ship: (8087, 24368)
Waypoint: (-20, 94)
-----
Command: S4
Ship: (8087, 24368)
Waypoint: (-20, 90)
180 -> 90(90)
-----
Command: L90
Ship: (8087, 24368)
Waypoint: (90, 20)
-----
Command: W5
Ship: (8087, 24368)
Waypoint: (85, 20)
-----
Command: N1
Ship: (8087, 24368)
Waypoint: (85, 21)
-----
Command: F12
Ship: (9107, 24620)
Waypoint: (85, 21)
-----
Command: W3
Ship: (9107, 24620)
Waypoint: (82, 21)
-----
Command: R90
Ship: (9107, 24620)
Waypoint: (21, -82)
-----
Command: R90
Ship: (9107, 24620)
Waypoint: (-82, -21)
-----
Command: F75
Ship: (2957, 23045)
Waypoint: (-82, -21)
-----
Command: N5
Ship: (2957, 23045)
Waypoint: (-82, -16)
-----
Command: F69
Ship: (-2701, 21941)
Waypoint: (-82, -16)
-----
Command: E3
Ship: (-2701, 21941)
Waypoint: (-79, -16)
-----
Command: F19
Ship: (-4202, 21637)
Waypoint: (-79, -16)
-----
Command: N2
Ship: (-4202, 21637)
Waypoint: (-79, -14)
-----
Command: F77
Ship: (-10285, 20559)
Waypoint: (-79, -14)
-----
Command: E1
Ship: (-10285, 20559)
Waypoint: (-78, -14)
-----
Command: N4
Ship: (-10285, 20559)
Waypoint: (-78, -10)
-----
Command: R180
Ship: (-10285, 20559)
Waypoint: (78, 10)
-----
Command: E3
Ship: (-10285, 20559)
Waypoint: (81, 10)
-----
Command: N2
Ship: (-10285, 20559)
Waypoint: (81, 12)
90 -> 0(90)
-----
Command: L90
Ship: (-10285, 20559)
Waypoint: (12, -81)
-----
Command: N1
Ship: (-10285, 20559)
Waypoint: (12, -80)
-----
Command: W1
Ship: (-10285, 20559)
Waypoint: (11, -80)
-----
Command: S4
Ship: (-10285, 20559)
Waypoint: (11, -84)
-----
Command: F85
Ship: (-9350, 13419)
Waypoint: (11, -84)
-----
Command: W1
Ship: (-9350, 13419)
Waypoint: (10, -84)
-----
Command: R90
Ship: (-9350, 13419)
Waypoint: (-84, -10)
-----
Command: F74
Ship: (-15566, 12679)
Waypoint: (-84, -10)
-----
Command: E5
Ship: (-15566, 12679)
Waypoint: (-79, -10)
-----
Command: F73
Ship: (-21333, 11949)
Waypoint: (-79, -10)
-----
Command: E4
Ship: (-21333, 11949)
Waypoint: (-75, -10)
-----
Command: S3
Ship: (-21333, 11949)
Waypoint: (-75, -13)
-----
Command: W4
Ship: (-21333, 11949)
Waypoint: (-79, -13)
-----
Command: S5
Ship: (-21333, 11949)
Waypoint: (-79, -18)
90 -> 0(90)
-----
Command: L90
Ship: (-21333, 11949)
Waypoint: (-18, 79)
-----
Command: F49
Ship: (-22215, 15820)
Waypoint: (-18, 79)
-----
Command: S5
Ship: (-22215, 15820)
Waypoint: (-18, 74)
-----
Command: E5
Ship: (-22215, 15820)
Waypoint: (-13, 74)
-----
Command: F5
Ship: (-22280, 16190)
Waypoint: (-13, 74)
-----
Command: W2
Ship: (-22280, 16190)
Waypoint: (-15, 74)
-----
Command: F58
Ship: (-23150, 20482)
Waypoint: (-15, 74)
-----
Command: R90
Ship: (-23150, 20482)
Waypoint: (74, 15)
-----
Command: W5
Ship: (-23150, 20482)
Waypoint: (69, 15)
-----
Command: F53
Ship: (-19493, 21277)
Waypoint: (69, 15)
-----
Command: S4
Ship: (-19493, 21277)
Waypoint: (69, 11)
-----
Command: F86
Ship: (-13559, 22223)
Waypoint: (69, 11)
-----
Command: N2
Ship: (-13559, 22223)
Waypoint: (69, 13)
-----
Command: F88
Ship: (-7487, 23367)
Waypoint: (69, 13)
-----
Command: E5
Ship: (-7487, 23367)
Waypoint: (74, 13)
-----
Command: F59
Ship: (-3121, 24134)
Waypoint: (74, 13)
-----
Command: E1
Ship: (-3121, 24134)
Waypoint: (75, 13)
-----
Command: F56
Ship: (1079, 24862)
Waypoint: (75, 13)
-----
Command: W2
Ship: (1079, 24862)
Waypoint: (73, 13)
-----
Command: N4
Ship: (1079, 24862)
Waypoint: (73, 17)
-----
Command: W4
Ship: (1079, 24862)
Waypoint: (69, 17)
-----
Command: R180
Ship: (1079, 24862)
Waypoint: (-69, -17)
-----
Command: F16
Ship: (-25, 24590)
Waypoint: (-69, -17)
-----
Command: F25
Ship: (-1750, 24165)
Waypoint: (-69, -17)
-----
Command: R180
Ship: (-1750, 24165)
Waypoint: (69, 17)
-----
Command: N3
Ship: (-1750, 24165)
Waypoint: (69, 20)
-----
Command: F4
Ship: (-1474, 24245)
Waypoint: (69, 20)
-----
Command: W4
Ship: (-1474, 24245)
Waypoint: (65, 20)
-----
Command: S4
Ship: (-1474, 24245)
Waypoint: (65, 16)
-----
Command: F98
Ship: (4896, 25813)
Waypoint: (65, 16)
-----
Command: E5
Ship: (4896, 25813)
Waypoint: (70, 16)
90 -> 0(90)
-----
Command: L90
Ship: (4896, 25813)
Waypoint: (16, -70)
-----
Command: W4
Ship: (4896, 25813)
Waypoint: (12, -70)
-----
Command: S1
Ship: (4896, 25813)
Waypoint: (12, -71)
-----
Command: E2
Ship: (4896, 25813)
Waypoint: (14, -71)
-----
Command: R90
Ship: (4896, 25813)
Waypoint: (-71, -14)
-----
Command: F96
Ship: (-1920, 24469)
Waypoint: (-71, -14)
90 -> 180(270)
-----
Command: L270
Ship: (-1920, 24469)
Waypoint: (14, -71)
-----
Command: E1
Ship: (-1920, 24469)
Waypoint: (15, -71)
-----
Command: N1
Ship: (-1920, 24469)
Waypoint: (15, -70)
-----
Command: F55
Ship: (-1095, 20619)
Waypoint: (15, -70)
-----
Command: S1
Ship: (-1095, 20619)
Waypoint: (15, -71)
-----
Command: F10
Ship: (-945, 19909)
Waypoint: (15, -71)
-----
Command: R90
Ship: (-945, 19909)
Waypoint: (-71, -15)
-----
Command: W2
Ship: (-945, 19909)
Waypoint: (-73, -15)
270 -> 180(90)
-----
Command: L90
Ship: (-945, 19909)
Waypoint: (-15, 73)
-----
Command: N5
Ship: (-945, 19909)
Waypoint: (-15, 78)
-----
Command: R90
Ship: (-945, 19909)
Waypoint: (78, 15)
-----
Command: N4
Ship: (-945, 19909)
Waypoint: (78, 19)
-----
Command: E4
Ship: (-945, 19909)
Waypoint: (82, 19)
270 -> 180(90)
-----
Command: L90
Ship: (-945, 19909)
Waypoint: (19, -82)
-----
Command: F52
Ship: (43, 15645)
Waypoint: (19, -82)
-----
Command: S3
Ship: (43, 15645)
Waypoint: (19, -85)
-----
Command: F43
Ship: (860, 11990)
Waypoint: (19, -85)
-----
Command: E2
Ship: (860, 11990)
Waypoint: (21, -85)
-----
Command: R90
Ship: (860, 11990)
Waypoint: (-85, -21)
-----
Command: S3
Ship: (860, 11990)
Waypoint: (-85, -24)
-----
Command: R90
Ship: (860, 11990)
Waypoint: (-24, 85)
-----
Command: N4
Ship: (860, 11990)
Waypoint: (-24, 89)
-----
Command: E1
Ship: (860, 11990)
Waypoint: (-23, 89)
-----
Command: N4
Ship: (860, 11990)
Waypoint: (-23, 93)
-----
Command: F15
Ship: (515, 13385)
Waypoint: (-23, 93)
-----
Command: E3
Ship: (515, 13385)
Waypoint: (-20, 93)
-----
Command: R270
Ship: (515, 13385)
Waypoint: (-93, -20)
270 -> 90(180)
-----
Command: L180
Ship: (515, 13385)
Waypoint: (93, 20)
-----
Command: N2
Ship: (515, 13385)
Waypoint: (93, 22)
-----
Command: F43
Ship: (4514, 14331)
Waypoint: (93, 22)
90 -> 0(90)
-----
Command: L90
Ship: (4514, 14331)
Waypoint: (22, -93)
-----
Command: W2
Ship: (4514, 14331)
Waypoint: (20, -93)
-----
Command: F19
Ship: (4894, 12564)
Waypoint: (20, -93)
0 -> 270(90)
-----
Command: L90
Ship: (4894, 12564)
Waypoint: (-93, -20)
-----
Command: S5
Ship: (4894, 12564)
Waypoint: (-93, -25)
-----
Command: F58
Ship: (-500, 11114)
Waypoint: (-93, -25)
-----
Command: E4
Ship: (-500, 11114)
Waypoint: (-89, -25)
-----
Command: S4
Ship: (-500, 11114)
Waypoint: (-89, -29)
270 -> 180(90)
-----
Command: L90
Ship: (-500, 11114)
Waypoint: (-29, 89)
-----
Command: W1
Ship: (-500, 11114)
Waypoint: (-30, 89)
-----
Command: F9
Ship: (-770, 11915)
Waypoint: (-30, 89)
-----
Command: N4
Ship: (-770, 11915)
Waypoint: (-30, 93)
-----
Command: F38
Ship: (-1910, 15449)
Waypoint: (-30, 93)
-----
Command: S5
Ship: (-1910, 15449)
Waypoint: (-30, 88)
180 -> 90(90)
-----
Command: L90
Ship: (-1910, 15449)
Waypoint: (88, 30)
-----
Command: W1
Ship: (-1910, 15449)
Waypoint: (87, 30)
-----
Command: F39
Ship: (1483, 16619)
Waypoint: (87, 30)
-----
Command: W5
Ship: (1483, 16619)
Waypoint: (82, 30)
-----
Command: F83
Ship: (8289, 19109)
Waypoint: (82, 30)
90 -> 270(180)
-----
Command: L180
Ship: (8289, 19109)
Waypoint: (-82, -30)
-----
Command: F99
Ship: (171, 16139)
Waypoint: (-82, -30)
270 -> 180(90)
-----
Command: L90
Ship: (171, 16139)
Waypoint: (-30, 82)
-----
Command: E3
Ship: (171, 16139)
Waypoint: (-27, 82)
-----
Command: S2
Ship: (171, 16139)
Waypoint: (-27, 80)
-----
Command: R90
Ship: (171, 16139)
Waypoint: (80, 27)
-----
Command: N3
Ship: (171, 16139)
Waypoint: (80, 30)
-----
Command: F35
Ship: (2971, 17189)
Waypoint: (80, 30)
-----
Command: N1
Ship: (2971, 17189)
Waypoint: (80, 31)
-----
Command: N3
Ship: (2971, 17189)
Waypoint: (80, 34)
270 -> 180(90)
-----
Command: L90
Ship: (2971, 17189)
Waypoint: (34, -80)
-----
Command: N4
Ship: (2971, 17189)
Waypoint: (34, -76)
-----
Command: W5
Ship: (2971, 17189)
Waypoint: (29, -76)
-----
Command: F26
Ship: (3725, 15213)
Waypoint: (29, -76)
-----
Command: R270
Ship: (3725, 15213)
Waypoint: (76, 29)
-----
Command: N2
Ship: (3725, 15213)
Waypoint: (76, 31)
-----
Command: F7
Ship: (4257, 15430)
Waypoint: (76, 31)
-----
Command: N1
Ship: (4257, 15430)
Waypoint: (76, 32)
-----
Command: F16
Ship: (5473, 15942)
Waypoint: (76, 32)
-----
Command: S4
Ship: (5473, 15942)
Waypoint: (76, 28)
90 -> 0(90)
-----
Command: L90
Ship: (5473, 15942)
Waypoint: (28, -76)
-----
Command: S5
Ship: (5473, 15942)
Waypoint: (28, -81)
0 -> 180(180)
-----
Command: L180
Ship: (5473, 15942)
Waypoint: (-28, 81)
-----
Command: F5
Ship: (5333, 16347)
Waypoint: (-28, 81)
-----
Command: W1
Ship: (5333, 16347)
Waypoint: (-29, 81)
-----
Command: F32
Ship: (4405, 18939)
Waypoint: (-29, 81)
-----
Command: S2
Ship: (4405, 18939)
Waypoint: (-29, 79)
-----
Command: N3
Ship: (4405, 18939)
Waypoint: (-29, 82)
-----
Command: F82
Ship: (2027, 25663)
Waypoint: (-29, 82)
-----
Command: N4
Ship: (2027, 25663)
Waypoint: (-29, 86)
-----
Command: R90
Ship: (2027, 25663)
Waypoint: (86, 29)
-----
Command: F27
Ship: (4349, 26446)
Waypoint: (86, 29)
-----
Command: R180
Ship: (4349, 26446)
Waypoint: (-86, -29)
-----
Command: F20
Ship: (2629, 25866)
Waypoint: (-86, -29)
-----
Command: S1
Ship: (2629, 25866)
Waypoint: (-86, -30)
-----
Command: E3
Ship: (2629, 25866)
Waypoint: (-83, -30)
90 -> 0(90)
-----
Command: L90
Ship: (2629, 25866)
Waypoint: (-30, 83)
-----
Command: W3
Ship: (2629, 25866)
Waypoint: (-33, 83)
-----
Command: F23
Ship: (1870, 27775)
Waypoint: (-33, 83)
0 -> 180(180)
-----
Command: L180
Ship: (1870, 27775)
Waypoint: (33, -83)
-----
Command: N3
Ship: (1870, 27775)
Waypoint: (33, -80)
-----
Command: F34
Ship: (2992, 25055)
Waypoint: (33, -80)
-----
Command: W1
Ship: (2992, 25055)
Waypoint: (32, -80)
-----
Command: N3
Ship: (2992, 25055)
Waypoint: (32, -77)
-----
Command: S2
Ship: (2992, 25055)
Waypoint: (32, -79)
-----
Command: F80
Ship: (5552, 18735)
Waypoint: (32, -79)
-----
Command: E5
Ship: (5552, 18735)
Waypoint: (37, -79)
-----
Command: F65
Ship: (7957, 13600)
Waypoint: (37, -79)
180 -> 90(90)
-----
Command: L90
Ship: (7957, 13600)
Waypoint: (-79, -37)
-----
Command: E5
Ship: (7957, 13600)
Waypoint: (-74, -37)
-----
Command: N1
Ship: (7957, 13600)
Waypoint: (-74, -36)
-----
Command: F80
Ship: (2037, 10720)
Waypoint: (-74, -36)
-----
Command: R90
Ship: (2037, 10720)
Waypoint: (-36, 74)
-----
Command: W3
Ship: (2037, 10720)
Waypoint: (-39, 74)
180 -> 90(90)
-----
Command: L90
Ship: (2037, 10720)
Waypoint: (74, 39)
-----
Command: N1
Ship: (2037, 10720)
Waypoint: (74, 40)
90 -> 270(180)
-----
Command: L180
Ship: (2037, 10720)
Waypoint: (-74, -40)
-----
Command: S1
Ship: (2037, 10720)
Waypoint: (-74, -41)
-----
Command: F65
Ship: (-2773, 8055)
Waypoint: (-74, -41)
-----
Command: E3
Ship: (-2773, 8055)
Waypoint: (-71, -41)
-----
Command: S1
Ship: (-2773, 8055)
Waypoint: (-71, -42)
-----
Command: W3
Ship: (-2773, 8055)
Waypoint: (-74, -42)
-----
Command: F89
Ship: (-9359, 4317)
Waypoint: (-74, -42)
-----
Command: S1
Ship: (-9359, 4317)
Waypoint: (-74, -43)
-----
Command: F24
Ship: (-11135, 3285)
Waypoint: (-74, -43)
-----
Command: E5
Ship: (-11135, 3285)
Waypoint: (-69, -43)
-----
Command: F85
Ship: (-17000, -370)
Waypoint: (-69, -43)
-----
Command: W1
Ship: (-17000, -370)
Waypoint: (-70, -43)
-----
Command: F87
Ship: (-23090, -4111)
Waypoint: (-70, -43)
-----
Command: S1
Ship: (-23090, -4111)
Waypoint: (-70, -44)
-----
Command: R90
Ship: (-23090, -4111)
Waypoint: (-44, 70)
-----
Command: S4
Ship: (-23090, -4111)
Waypoint: (-44, 66)
-----
Command: F3
Ship: (-23222, -3913)
Waypoint: (-44, 66)
-----
Command: S3
Ship: (-23222, -3913)
Waypoint: (-44, 63)
-----
Command: F23
Ship: (-24234, -2464)
Waypoint: (-44, 63)
-----
Command: N4
Ship: (-24234, -2464)
Waypoint: (-44, 67)
0 -> 270(90)
-----
Command: L90
Ship: (-24234, -2464)
Waypoint: (67, 44)
-----
Command: N5
Ship: (-24234, -2464)
Waypoint: (67, 49)
-----
Command: R90
Ship: (-24234, -2464)
Waypoint: (49, -67)
-----
Command: N2
Ship: (-24234, -2464)
Waypoint: (49, -65)
-----
Command: R90
Ship: (-24234, -2464)
Waypoint: (-65, -49)
-----
Command: S2
Ship: (-24234, -2464)
Waypoint: (-65, -51)
-----
Command: W4
Ship: (-24234, -2464)
Waypoint: (-69, -51)
-----
Command: S2
Ship: (-24234, -2464)
Waypoint: (-69, -53)
-----
Command: F95
Ship: (-30789, -7499)
Waypoint: (-69, -53)
90 -> 0(90)
-----
Command: L90
Ship: (-30789, -7499)
Waypoint: (-53, 69)
-----
Command: F52
Ship: (-33545, -3911)
Waypoint: (-53, 69)
-----
Command: W1
Ship: (-33545, -3911)
Waypoint: (-54, 69)
-----
Command: N5
Ship: (-33545, -3911)
Waypoint: (-54, 74)
0 -> 270(90)
-----
Command: L90
Ship: (-33545, -3911)
Waypoint: (74, 54)
-----
Command: N4
Ship: (-33545, -3911)
Waypoint: (74, 58)
-----
Command: S3
Ship: (-33545, -3911)
Waypoint: (74, 55)
-----
Command: E3
Ship: (-33545, -3911)
Waypoint: (77, 55)
-----
Command: R90
Ship: (-33545, -3911)
Waypoint: (55, -77)
-----
Command: N2
Ship: (-33545, -3911)
Waypoint: (55, -75)
-----
Command: E1
Ship: (-33545, -3911)
Waypoint: (56, -75)
-----
Command: R180
Ship: (-33545, -3911)
Waypoint: (-56, 75)
-----
Command: W4
Ship: (-33545, -3911)
Waypoint: (-60, 75)
-----
Command: F82
Ship: (-38465, 2239)
Waypoint: (-60, 75)
180 -> 0(180)
-----
Command: L180
Ship: (-38465, 2239)
Waypoint: (60, -75)
-----
Command: E5
Ship: (-38465, 2239)
Waypoint: (65, -75)
0 -> 270(90)
-----
Command: L90
Ship: (-38465, 2239)
Waypoint: (-75, -65)
-----
Command: E4
Ship: (-38465, 2239)
Waypoint: (-71, -65)
-----
Command: F65
Ship: (-43080, -1986)
Waypoint: (-71, -65)
-----
Command: W5
Ship: (-43080, -1986)
Waypoint: (-76, -65)
-----
Command: R90
Ship: (-43080, -1986)
Waypoint: (-65, 76)
-----
Command: W5
Ship: (-43080, -1986)
Waypoint: (-70, 76)
-----
Command: N5
Ship: (-43080, -1986)
Waypoint: (-70, 81)
0 -> 180(180)
-----
Command: L180
Ship: (-43080, -1986)
Waypoint: (70, -81)
-----
Command: N4
Ship: (-43080, -1986)
Waypoint: (70, -77)
-----
Command: F22
Ship: (-41540, -3680)
Waypoint: (70, -77)
-----
Command: W3
Ship: (-41540, -3680)
Waypoint: (67, -77)
-----
Command: S4
Ship: (-41540, -3680)
Waypoint: (67, -81)
-----
Command: F60
Ship: (-37520, -8540)
Waypoint: (67, -81)
-----
Command: R90
Ship: (-37520, -8540)
Waypoint: (-81, -67)
-----
Command: E5
Ship: (-37520, -8540)
Waypoint: (-76, -67)
-----
Command: N3
Ship: (-37520, -8540)
Waypoint: (-76, -64)
-----
Command: F32
Ship: (-39952, -10588)
Waypoint: (-76, -64)
-----
Command: S2
Ship: (-39952, -10588)
Waypoint: (-76, -66)
-----
Command: F80
Ship: (-46032, -15868)
Waypoint: (-76, -66)
-----
Command: R90
Ship: (-46032, -15868)
Waypoint: (-66, 76)
-----
Command: F18
Ship: (-47220, -14500)
Waypoint: (-66, 76)
-----
Command: S3
Ship: (-47220, -14500)
Waypoint: (-66, 73)
0 -> 270(90)
-----
Command: L90
Ship: (-47220, -14500)
Waypoint: (73, 66)
-----
Command: F90
Ship: (-40650, -8560)
Waypoint: (73, 66)
-----
Command: E3
Ship: (-40650, -8560)
Waypoint: (76, 66)
270 -> 180(90)
-----
Command: L90
Ship: (-40650, -8560)
Waypoint: (66, -76)
-----
Command: N3
Ship: (-40650, -8560)
Waypoint: (66, -73)
-----
Command: E5
Ship: (-40650, -8560)
Waypoint: (71, -73)
-----
Command: F79
Ship: (-35041, -14327)
Waypoint: (71, -73)
-----
Command: N5
Ship: (-35041, -14327)
Waypoint: (71, -68)
-----
Command: W4
Ship: (-35041, -14327)
Waypoint: (67, -68)
-----
Command: S5
Ship: (-35041, -14327)
Waypoint: (67, -73)
-----
Command: F100
Ship: (-28341, -21627)
Waypoint: (67, -73)
-----
Command: N1
Ship: (-28341, -21627)
Waypoint: (67, -72)
-----
Command: E3
Ship: (-28341, -21627)
Waypoint: (70, -72)
-----
Command: S3
Ship: (-28341, -21627)
Waypoint: (70, -75)
-----
Command: F49
Ship: (-24911, -25302)
Waypoint: (70, -75)
-----
Command: R180
Ship: (-24911, -25302)
Waypoint: (-70, 75)
-----
Command: S3
Ship: (-24911, -25302)
Waypoint: (-70, 72)
-----
Command: E2
Ship: (-24911, -25302)
Waypoint: (-68, 72)
-----
Command: F1
Ship: (-24979, -25230)
Waypoint: (-68, 72)
-----
Command: W1
Ship: (-24979, -25230)
Waypoint: (-69, 72)
-----
Command: F5
Ship: (-25324, -24870)
Waypoint: (-69, 72)
-----
Command: R180
Ship: (-25324, -24870)
Waypoint: (69, -72)
-----
Command: S5
Ship: (-25324, -24870)
Waypoint: (69, -77)
-----
Command: W3
Ship: (-25324, -24870)
Waypoint: (66, -77)
-----
Command: S3
Ship: (-25324, -24870)
Waypoint: (66, -80)
-----
Command: F67
Ship: (-20902, -30230)
Waypoint: (66, -80)
-----
Command: R270
Ship: (-20902, -30230)
Waypoint: (80, 66)
-----
Command: N3
Ship: (-20902, -30230)
Waypoint: (80, 69)
-----
Command: W3
Ship: (-20902, -30230)
Waypoint: (77, 69)
-----
Command: N1
Ship: (-20902, -30230)
Waypoint: (77, 70)
-----
Command: W3
Ship: (-20902, -30230)
Waypoint: (74, 70)
-----
Command: F37
Ship: (-18164, -27640)
Waypoint: (74, 70)
90 -> 0(90)
-----
Command: L90
Ship: (-18164, -27640)
Waypoint: (70, -74)
-----
Command: N3
Ship: (-18164, -27640)
Waypoint: (70, -71)
0 -> 270(90)
-----
Command: L90
Ship: (-18164, -27640)
Waypoint: (-71, -70)
-----
Command: F68
Ship: (-22992, -32400)
Waypoint: (-71, -70)
-----
Command: N3
Ship: (-22992, -32400)
Waypoint: (-71, -67)
-----
Command: W4
Ship: (-22992, -32400)
Waypoint: (-75, -67)
-----
Command: W2
Ship: (-22992, -32400)
Waypoint: (-77, -67)
-----
Command: F26
Ship: (-24994, -34142)
Waypoint: (-77, -67)
-----
Command: N3
Ship: (-24994, -34142)
Waypoint: (-77, -64)
270 -> 180(90)
-----
Command: L90
Ship: (-24994, -34142)
Waypoint: (-64, 77)
-----
Command: W3
Ship: (-24994, -34142)
Waypoint: (-67, 77)
-----
Command: S2
Ship: (-24994, -34142)
Waypoint: (-67, 75)
-----
Command: F7
Ship: (-25463, -33617)
Waypoint: (-67, 75)
-----
Command: W3
Ship: (-25463, -33617)
Waypoint: (-70, 75)
-----
Command: E3
Ship: (-25463, -33617)
Waypoint: (-67, 75)
180 -> 270(270)
-----
Command: L270
Ship: (-25463, -33617)
Waypoint: (-75, -67)
-----
Command: F64
Ship: (-30263, -37905)
Waypoint: (-75, -67)
-----
Command: R90
Ship: (-30263, -37905)
Waypoint: (-67, 75)
-----
Command: E4
Ship: (-30263, -37905)
Waypoint: (-63, 75)
-----
Command: R90
Ship: (-30263, -37905)
Waypoint: (75, 63)
-----
Command: W3
Ship: (-30263, -37905)
Waypoint: (72, 63)
-----
Command: N1
Ship: (-30263, -37905)
Waypoint: (72, 64)
-----
Command: W1
Ship: (-30263, -37905)
Waypoint: (71, 64)
-----
Command: F98
Ship: (-23305, -31633)
Waypoint: (71, 64)
-----
Command: R270
Ship: (-23305, -31633)
Waypoint: (-64, 71)
-----
Command: W5
Ship: (-23305, -31633)
Waypoint: (-69, 71)
-----
Command: F45
Ship: (-26410, -28438)
Waypoint: (-69, 71)
-----
Command: R90
Ship: (-26410, -28438)
Waypoint: (71, 69)
-----
Command: F49
Ship: (-22931, -25057)
Waypoint: (71, 69)
-----
Command: E4
Ship: (-22931, -25057)
Waypoint: (75, 69)
-----
Command: S2
Ship: (-22931, -25057)
Waypoint: (75, 67)
-----
Command: F58
Ship: (-18581, -21171)
Waypoint: (75, 67)
-----
Command: F56
Ship: (-14381, -17419)
Waypoint: (75, 67)
-----
Command: W3
Ship: (-14381, -17419)
Waypoint: (72, 67)
-----
Command: F57
Ship: (-10277, -13600)
Waypoint: (72, 67)
-----
Command: E3
Ship: (-10277, -13600)
Waypoint: (75, 67)
-----
Command: S5
Ship: (-10277, -13600)
Waypoint: (75, 62)
-----
Command: R180
Ship: (-10277, -13600)
Waypoint: (-75, -62)
-----
Command: E3
Ship: (-10277, -13600)
Waypoint: (-72, -62)
-----
Command: F82
Ship: (-16181, -18684)
Waypoint: (-72, -62)
-----
Command: F57
Ship: (-20285, -22218)
Waypoint: (-72, -62)
-----
Command: S3
Ship: (-20285, -22218)
Waypoint: (-72, -65)
-----
Command: W2
Ship: (-20285, -22218)
Waypoint: (-74, -65)
-----
Command: R90
Ship: (-20285, -22218)
Waypoint: (-65, 74)
-----
Command: E2
Ship: (-20285, -22218)
Waypoint: (-63, 74)
-----
Command: R90
Ship: (-20285, -22218)
Waypoint: (74, 63)
-----
Command: F95
Ship: (-13255, -16233)
Waypoint: (74, 63)
-----
Command: W4
Ship: (-13255, -16233)
Waypoint: (70, 63)
-----
Command: F85
Ship: (-7305, -10878)
Waypoint: (70, 63)
-----
Command: E3
Ship: (-7305, -10878)
Waypoint: (73, 63)
-----
Command: N3
Ship: (-7305, -10878)
Waypoint: (73, 66)
-----
Command: R90
Ship: (-7305, -10878)
Waypoint: (66, -73)
-----
Command: E5
Ship: (-7305, -10878)
Waypoint: (71, -73)
-----
Command: F31
Ship: (-5104, -13141)
Waypoint: (71, -73)
-----
Command: R90
Ship: (-5104, -13141)
Waypoint: (-73, -71)
-----
Command: F20
Ship: (-6564, -14561)
Waypoint: (-73, -71)
-----
Command: R90
Ship: (-6564, -14561)
Waypoint: (-71, 73)
-----
Command: N5
Ship: (-6564, -14561)
Waypoint: (-71, 78)
-----
Command: E3
Ship: (-6564, -14561)
Waypoint: (-68, 78)
-----
Command: S4
Ship: (-6564, -14561)
Waypoint: (-68, 74)
-----
Command: R180
Ship: (-6564, -14561)
Waypoint: (68, -74)
-----
Command: W1
Ship: (-6564, -14561)
Waypoint: (67, -74)
-----
Command: N5
Ship: (-6564, -14561)
Waypoint: (67, -69)
-----
Command: F72
Ship: (-1740, -19529)
Waypoint: (67, -69)
180 -> 90(90)
-----
Command: L90
Ship: (-1740, -19529)
Waypoint: (-69, -67)
-----
Command: E3
Ship: (-1740, -19529)
Waypoint: (-66, -67)
-----
Command: F46
Ship: (-4776, -22611)
Waypoint: (-66, -67)
-----
Command: R180
Ship: (-4776, -22611)
Waypoint: (66, 67)
-----
Command: F18
Ship: (-3588, -21405)
Waypoint: (66, 67)
-----
Command: E3
Ship: (-3588, -21405)
Waypoint: (69, 67)
-----
Command: F48
Ship: (-276, -18189)
Waypoint: (69, 67)
-----
Command: S2
Ship: (-276, -18189)
Waypoint: (69, 65)
-----
Command: F84
Ship: (5520, -12729)
Waypoint: (69, 65)
-----
Command: W3
Ship: (5520, -12729)
Waypoint: (66, 65)
-----
Command: F88
Ship: (11328, -7009)
Waypoint: (66, 65)
-----
Command: F44
Ship: (14232, -4149)
Waypoint: (66, 65)
-----
Command: S2
Ship: (14232, -4149)
Waypoint: (66, 63)
-----
Command: E4
Ship: (14232, -4149)
Waypoint: (70, 63)
-----
Command: F77
Ship: (19622, 702)
Waypoint: (70, 63)
270 -> 180(90)
-----
Command: L90
Ship: (19622, 702)
Waypoint: (63, -70)
-----
Command: N4
Ship: (19622, 702)
Waypoint: (63, -66)
180 -> 90(90)
-----
Command: L90
Ship: (19622, 702)
Waypoint: (-66, -63)
-----
Command: E2
Ship: (19622, 702)
Waypoint: (-64, -63)
-----
Command: F22
Ship: (18214, -684)
Waypoint: (-64, -63)
-----
Command: E5
Ship: (18214, -684)
Waypoint: (-59, -63)
90 -> 0(90)
-----
Command: L90
Ship: (18214, -684)
Waypoint: (-63, 59)
-----
Command: F79
Ship: (13237, 3977)
Waypoint: (-63, 59)
-----
Command: W1
Ship: (13237, 3977)
Waypoint: (-64, 59)
-----
Command: R90
Ship: (13237, 3977)
Waypoint: (59, 64)
-----
Command: F41
Ship: (15656, 6601)
Waypoint: (59, 64)
-----
Command: R180
Ship: (15656, 6601)
Waypoint: (-59, -64)
-----
Command: F54
Ship: (12470, 3145)
Waypoint: (-59, -64)
The manhattan distance is 15615
